Determining if the pthread_create exist failed with the following output:
Change Dir: /home/ros/ECE_457_SLAM/navigation/ros_workspace/build/CMakeFiles/CMakeTmp

Run Build Command:"/usr/bin/make" "cmTC_a3fc8/fast"
/usr/bin/make -f CMakeFiles/cmTC_a3fc8.dir/build.make CMakeFiles/cmTC_a3fc8.dir/build
make[1]: Entering directory '/home/ros/ECE_457_SLAM/navigation/ros_workspace/build/CMakeFiles/CMakeTmp'
Building C object CMakeFiles/cmTC_a3fc8.dir/CheckSymbolExists.c.o
/usr/bin/cc     -o CMakeFiles/cmTC_a3fc8.dir/CheckSymbolExists.c.o   -c /home/ros/ECE_457_SLAM/navigation/ros_workspace/build/CMakeFiles/CMakeTmp/CheckSymbolExists.c
Linking C executable cmTC_a3fc8
/usr/bin/cmake -E cmake_link_script CMakeFiles/cmTC_a3fc8.dir/link.txt --verbose=1
/usr/bin/cc       CMakeFiles/cmTC_a3fc8.dir/CheckSymbolExists.c.o  -o cmTC_a3fc8 -rdynamic 
CMakeFiles/cmTC_a3fc8.dir/CheckSymbolExists.c.o: In function `main':
CheckSymbolExists.c:(.text+0x16): undefined reference to `pthread_create'
collect2: error: ld returned 1 exit status
CMakeFiles/cmTC_a3fc8.dir/build.make:97: recipe for target 'cmTC_a3fc8' failed
make[1]: *** [cmTC_a3fc8] Error 1
make[1]: Leaving directory '/home/ros/ECE_457_SLAM/navigation/ros_workspace/build/CMakeFiles/CMakeTmp'
Makefile:126: recipe for target 'cmTC_a3fc8/fast' failed
make: *** [cmTC_a3fc8/fast] Error 2

File /home/ros/ECE_457_SLAM/navigation/ros_workspace/build/CMakeFiles/CMakeTmp/CheckSymbolExists.c:
/* */
#include <pthread.h>

int main(int argc, char** argv)
{
  (void)argv;
#ifndef pthread_create
  return ((int*)(&pthread_create))[argc];
#else
  (void)argc;
  return 0;
#endif
}

Determining if the function pthread_create exists in the pthreads failed with the following output:
Change Dir: /home/ros/ECE_457_SLAM/navigation/ros_workspace/build/CMakeFiles/CMakeTmp

Run Build Command:"/usr/bin/make" "cmTC_3fcdb/fast"
/usr/bin/make -f CMakeFiles/cmTC_3fcdb.dir/build.make CMakeFiles/cmTC_3fcdb.dir/build
make[1]: Entering directory '/home/ros/ECE_457_SLAM/navigation/ros_workspace/build/CMakeFiles/CMakeTmp'
Building C object CMakeFiles/cmTC_3fcdb.dir/CheckFunctionExists.c.o
/usr/bin/cc    -DCHECK_FUNCTION_EXISTS=pthread_create   -o CMakeFiles/cmTC_3fcdb.dir/CheckFunctionExists.c.o   -c /usr/share/cmake-3.5/Modules/CheckFunctionExists.c
Linking C executable cmTC_3fcdb
/usr/bin/cmake -E cmake_link_script CMakeFiles/cmTC_3fcdb.dir/link.txt --verbose=1
/usr/bin/cc   -DCHECK_FUNCTION_EXISTS=pthread_create    CMakeFiles/cmTC_3fcdb.dir/CheckFunctionExists.c.o  -o cmTC_3fcdb -rdynamic -lpthreads 
/usr/bin/ld: cannot find -lpthreads
collect2: error: ld returned 1 exit status
CMakeFiles/cmTC_3fcdb.dir/build.make:97: recipe for target 'cmTC_3fcdb' failed
make[1]: *** [cmTC_3fcdb] Error 1
make[1]: Leaving directory '/home/ros/ECE_457_SLAM/navigation/ros_workspace/build/CMakeFiles/CMakeTmp'
Makefile:126: recipe for target 'cmTC_3fcdb/fast' failed
make: *** [cmTC_3fcdb/fast] Error 2


Determining if the include file pgm.h exists failed with the following output:
Change Dir: /home/ros/ECE_457_SLAM/navigation/ros_workspace/build/CMakeFiles/CMakeTmp

Run Build Command:"/usr/bin/make" "cmTC_efb0f/fast"
/usr/bin/make -f CMakeFiles/cmTC_efb0f.dir/build.make CMakeFiles/cmTC_efb0f.dir/build
make[1]: Entering directory '/home/ros/ECE_457_SLAM/navigation/ros_workspace/build/CMakeFiles/CMakeTmp'
Building CXX object CMakeFiles/cmTC_efb0f.dir/CheckIncludeFile.cxx.o
/usr/bin/c++      -o CMakeFiles/cmTC_efb0f.dir/CheckIncludeFile.cxx.o -c /home/ros/ECE_457_SLAM/navigation/ros_workspace/build/CMakeFiles/CMakeTmp/CheckIncludeFile.cxx
/home/ros/ECE_457_SLAM/navigation/ros_workspace/build/CMakeFiles/CMakeTmp/CheckIncludeFile.cxx:1:17: fatal error: pgm.h: No such file or directory
compilation terminated.
CMakeFiles/cmTC_efb0f.dir/build.make:65: recipe for target 'CMakeFiles/cmTC_efb0f.dir/CheckIncludeFile.cxx.o' failed
make[1]: *** [CMakeFiles/cmTC_efb0f.dir/CheckIncludeFile.cxx.o] Error 1
make[1]: Leaving directory '/home/ros/ECE_457_SLAM/navigation/ros_workspace/build/CMakeFiles/CMakeTmp'
Makefile:126: recipe for target 'cmTC_efb0f/fast' failed
make: *** [cmTC_efb0f/fast] Error 2


